1
1
8
12
2
2
24
2
12
8
4
8
4
8
2
24
4
2
8
8
20
2
8
16
8
8
4
2
4
8
4
4
2
2
4
2
8
6
4
4
4
8
2
2
12
4
4
4
6
2
8
2
24
4
8
8
2
4
4
8
4
2
4
6
4
4
8
12
2
4
2
2
8
8
2
4
2
18
4
4
2
6
8
12
4
8
8
6
4
24
2
4
4
8
4
8
12
2
4
10
2
4
63
3
9
27
9
9
3
3
3
3
21
35
3
3
3
9
3
45
9
9
9
27
9
3
9
45
9
9
9
9
9
135
15
3
3
3
9
3
27
9
3
9
15
3
9
9
3
9
9
3
3
21
3
3
9
9
3
9
9
27
3
15
3
3
35
27
3
3
3
9
3
45
9
21
45
9
5
27
9
9
3
3
3
81
9
3
27
27
9
27
3
27
81
27
9
9
15
3
21
135
40
4
24
8
2
32
16
16
4
4
8
24
4
16
4
16
24
4
8
4
8
16
8
8
2
6
8
4
2
2
12
4
4
12
4
8
16
24
8
4
40
4
32
16
4
4
32
8
8
2
18
24
8
12
8
8
8
24
4
4
16
4
8
4
4
16
8
20
16
16
8
16
8
8
2
16
16
8
12
4
4
6
32
16
4
4
8
8
4
12
2
48
4
4
4
24
8
16
8
24
2
2
4
12
8
4
2
2
8
8
24
2
8
24
2
16
12
2
8
4
4
4
8
8
4
2
4
8
2
4
4
4
2
4
4
6
8
4
4
4
8
4
20
4
8
4
4
2
2
4
2
12
12
4
6
2
2
4
4
2
16
4
2
4
4
2
4
2
4
4
6
8
4
4
12
4
4
12
20
4
4
2
12
4
4
8
2
12
2
24
24
16
4
6
8
4
4
8
4
4
9
21
27
3
9
45
3
3
9
9
3
27
3
9
9
27
3
9
63
15
81
15
9
27
27
3
9
3
3
3
15
9
9
3
15
27
3
3
45
3
3
9
9
3
3
3
27
15
9
3
3
27
21
9
3
9
21
9
5
9
3
9
9
3
9
3
9
9
7
9
15
9
15
3
9
27
21
3
3
9
3
3
9
9
9
3
3
9
3
9
3
3
21
27
3
3
9
21
9
27
4
20
48
24
12
4
16
10
24
6
16
2
16
4
12
8
8
12
4
4
8
2
6
8
8
24
8
2
16
16
8
8
80
8
4
8
8
32
4
6
48
32
4
8
24
8
8
4
40
8
4
24
2
4
4
4
16
16
4
4
16
48
16
8
4
18
12
8
8
4
4
8
4
8
4
6
16
4
6
48
4
16
4
4
8
16
8
16
72
4
24
48
12
4
20
16
8
4
20
24
8
4
2
4
20
2
2
8
8
8
8
12
4
4
4
8
4
4
4
4
2
4
2
4
2
4
8
8
2
8
12
12
4
8
8
12
6
4
8
10
6
4
4
24
16
24
8
6
2
6
8
2
8
8
4
4
4
6
4
24
4
6
2
4
8
4
6
6
6
6
2
12
4
4
4
4
2
4
8
8
2
2
16
6
2
4
24
2
2
2
8
12
2
4
4
4
4
16
4
4
9
9
3
3
9
9
3
3
9
9
9
9
3
9
3
3
9
21
9
9
25
27
9
9
3
3
27
3
9
27
3
27
3
3
9
9
3
5
9
3
27
9
9
21
27
27
81
3
9
3
3
21
81
27
9
35
3
3
9
3
3
9
3
33
3
45
9
9
3
3
9
27
15
3
3
3
3
45
27
9
35
3
9
3
3
3
3
3
15
9
3
45
9
9
9
3
3
3
9
15
2
8
48
24
8
16
4
4
8
8
8
4
8
16
4
4
8
16
24
8
4
4
8
2
16
4
24
8
4
16
12
16
12
32
8
2
40
12
8
2
16
2
16
24
4
16
12
32
2
24
8
36
4
8
24
2
8
40
2
36
16
8
16
8
24
24
8
10
8
8
8
16
16
48
16
40
40
8
2
8
8
24
24
16
8
4
8
16
16
16
16
2
40
8
4
8
4
56
32
12
16
45
time 11.749491979s
