[0m2021.05.12 19:19:54 INFO  Started: Metals version 0.10.2 in workspace '/home/blacksoul/Programming/urijudgeonline/scala' for client vscode 1.55.2.[0m
[0m2021.05.12 19:19:57 INFO  time: initialize in 3.28s[0m
[0m2021.05.12 19:20:00 WARN  Build server is not auto-connectable.[0m
[0m2021.05.12 19:20:00 WARN  no build tool detected in workspace '/home/blacksoul/Programming/urijudgeonline/scala'. The most common cause for this problem is that the editor was opened in the wrong working directory, for example if you use sbt then the workspace directory should contain build.sbt. [0m
[0m2021.05.12 19:20:00 WARN  no build target for: /home/blacksoul/Programming/urijudgeonline/scala/beginner/uri1000.scala[0m
[0m2021.05.12 19:20:05 INFO  no build target: using presentation compiler with only scala-library: 2.12.13[0m
[0m2021.05.12 19:20:07 WARN  no build target for: /home/blacksoul/Programming/urijudgeonline/scala/beginner/uri1001.scala[0m
May 12, 2021 7:20:07 PM org.eclipse.lsp4j.jsonrpc.RemoteEndpoint fallbackResponseError
SEVERE: Internal error: java.lang.IllegalArgumentException: 4 is not a valid line number, allowed [0..0]
java.util.concurrent.CompletionException: java.lang.IllegalArgumentException: 4 is not a valid line number, allowed [0..0]
	at java.base/java.util.concurrent.CompletableFuture.encodeThrowable(CompletableFuture.java:331)
	at java.base/java.util.concurrent.CompletableFuture.completeThrowable(CompletableFuture.java:346)
	at java.base/java.util.concurrent.CompletableFuture$UniAccept.tryFire(CompletableFuture.java:704)
	at java.base/java.util.concurrent.CompletableFuture.postComplete(CompletableFuture.java:506)
	at java.base/java.util.concurrent.CompletableFuture.completeExceptionally(CompletableFuture.java:2088)
	at scala.meta.internal.metals.CancelTokens$.$anonfun$future$1(CancelTokens.scala:40)
	at scala.meta.internal.metals.CancelTokens$.$anonfun$future$1$adapted(CancelTokens.scala:38)
	at scala.concurrent.impl.CallbackRunnable.run(Promise.scala:64)
	at java.base/java.util.concurrent.ThreadPoolExecutor.runWorker(ThreadPoolExecutor.java:1128)
	at java.base/java.util.concurrent.ThreadPoolExecutor$Worker.run(ThreadPoolExecutor.java:628)
	at java.base/java.lang.Thread.run(Thread.java:829)
Caused by: java.lang.IllegalArgumentException: 4 is not a valid line number, allowed [0..0]
	at scala.meta.internal.inputs.InternalInput.lineToOffset(InternalInput.scala:37)
	at scala.meta.internal.inputs.InternalInput.lineToOffset$(InternalInput.scala:32)
	at scala.meta.inputs.Input$VirtualFile.lineToOffset(Input.scala:80)
	at scala.meta.inputs.Position$Range$.apply(Position.scala:59)
	at scala.meta.internal.mtags.MtagsEnrichments$XtensionPositionLspInverse.toMeta(MtagsEnrichments.scala:200)
	at scala.meta.internal.parsing.Trees.$anonfun$findLastEnclosingAt$5(Trees.scala:71)
	at scala.Option.flatMap(Option.scala:271)
	at scala.meta.internal.parsing.Trees.findLastEnclosingAt(Trees.scala:70)
	at scala.meta.internal.metals.codeactions.InsertInferredType.$anonfun$contribute$1(InsertInferredType.scala:80)
	at scala.concurrent.Future$.$anonfun$apply$1(Future.scala:659)
	at scala.util.Success.$anonfun$map$1(Try.scala:255)
	at scala.util.Success.map(Try.scala:213)
	at scala.concurrent.Future.$anonfun$map$1(Future.scala:292)
	at scala.concurrent.impl.Promise.liftedTree1$1(Promise.scala:33)
	at scala.concurrent.impl.Promise.$anonfun$transform$1(Promise.scala:33)
	... 4 more

[0m2021.05.12 19:20:09 INFO  time: code lens generation in 1.88s[0m
[0m2021.05.12 19:20:09 INFO  time: code lens generation in 2.37s[0m
[0m2021.05.12 19:20:09 INFO  time: code lens generation in 7.99s[0m
[0m2021.05.12 19:23:32 WARN  no build target for: /home/blacksoul/Programming/urijudgeonline/scala/beginner/uri1002.scala[0m
[0m2021.05.12 19:23:32 WARN  no build target for: /home/blacksoul/Programming/urijudgeonline/scala/beginner/uri1001.scala[0m
May 12, 2021 7:24:09 PM org.eclipse.lsp4j.jsonrpc.RemoteEndpoint handleCancellation
WARNING: Unmatched cancel notification for request id 27
May 12, 2021 7:24:09 PM org.eclipse.lsp4j.jsonrpc.RemoteEndpoint handleCancellation
WARNING: Unmatched cancel notification for request id 28
May 12, 2021 7:24:09 PM org.eclipse.lsp4j.jsonrpc.RemoteEndpoint handleCancellation
WARNING: Unmatched cancel notification for request id 29
May 12, 2021 7:24:09 PM org.eclipse.lsp4j.jsonrpc.RemoteEndpoint handleCancellation
WARNING: Unmatched cancel notification for request id 32
May 12, 2021 7:24:09 PM org.eclipse.lsp4j.jsonrpc.RemoteEndpoint handleCancellation
WARNING: Unmatched cancel notification for request id 31
May 12, 2021 7:24:09 PM org.eclipse.lsp4j.jsonrpc.RemoteEndpoint handleCancellation
WARNING: Unmatched cancel notification for request id 30
May 12, 2021 7:24:09 PM org.eclipse.lsp4j.jsonrpc.RemoteEndpoint handleCancellation
WARNING: Unmatched cancel notification for request id 34
May 12, 2021 7:24:09 PM org.eclipse.lsp4j.jsonrpc.RemoteEndpoint handleCancellation
WARNING: Unmatched cancel notification for request id 36
May 12, 2021 7:24:09 PM org.eclipse.lsp4j.jsonrpc.RemoteEndpoint handleCancellation
WARNING: Unmatched cancel notification for request id 35
May 12, 2021 7:24:09 PM org.eclipse.lsp4j.jsonrpc.RemoteEndpoint handleCancellation
WARNING: Unmatched cancel notification for request id 39
May 12, 2021 7:24:09 PM org.eclipse.lsp4j.jsonrpc.RemoteEndpoint handleCancellation
WARNING: Unmatched cancel notification for request id 42
May 12, 2021 7:24:09 PM org.eclipse.lsp4j.jsonrpc.RemoteEndpoint handleCancellation
WARNING: Unmatched cancel notification for request id 41
May 12, 2021 7:24:09 PM org.eclipse.lsp4j.jsonrpc.RemoteEndpoint handleCancellation
WARNING: Unmatched cancel notification for request id 40
May 12, 2021 7:24:09 PM org.eclipse.lsp4j.jsonrpc.RemoteEndpoint handleCancellation
WARNING: Unmatched cancel notification for request id 44
May 12, 2021 7:24:09 PM org.eclipse.lsp4j.jsonrpc.RemoteEndpoint handleCancellation
WARNING: Unmatched cancel notification for request id 46
May 12, 2021 7:24:09 PM org.eclipse.lsp4j.jsonrpc.RemoteEndpoint handleCancellation
WARNING: Unmatched cancel notification for request id 45
May 12, 2021 7:24:09 PM org.eclipse.lsp4j.jsonrpc.RemoteEndpoint handleCancellation
WARNING: Unmatched cancel notification for request id 49
[0m2021.05.12 19:24:09 WARN  no build target for: /home/blacksoul/Programming/urijudgeonline/scala/beginner/uri1002.scala[0m
[0m2021.05.12 19:24:30 WARN  no build target for: /home/blacksoul/Programming/urijudgeonline/scala/beginner/uri1002.scala[0m
[0m2021.05.12 19:25:05 WARN  no build target for: /home/blacksoul/Programming/urijudgeonline/scala/beginner/uri1003.scala[0m
[0m2021.05.12 19:25:05 WARN  no build target for: /home/blacksoul/Programming/urijudgeonline/scala/beginner/uri1003.scala[0m
[0m2021.05.12 19:25:25 WARN  no build target for: /home/blacksoul/Programming/urijudgeonline/scala/beginner/uri1004.scala[0m
[0m2021.05.12 19:25:28 WARN  no build target for: /home/blacksoul/Programming/urijudgeonline/scala/beginner/uri1004.scala[0m
[0m2021.05.12 19:25:39 WARN  no build target for: /home/blacksoul/Programming/urijudgeonline/scala/beginner/uri1005.scala[0m
[0m2021.05.12 19:25:39 WARN  no build target for: /home/blacksoul/Programming/urijudgeonline/scala/beginner/uri1005.scala[0m
[0m2021.05.12 19:25:52 WARN  no build target for: /home/blacksoul/Programming/urijudgeonline/scala/beginner/uri1006.scala[0m
[0m2021.05.12 19:25:54 WARN  no build target for: /home/blacksoul/Programming/urijudgeonline/scala/beginner/uri1006.scala[0m
[0m2021.05.12 19:26:10 WARN  no build target for: /home/blacksoul/Programming/urijudgeonline/scala/beginner/uri1007.scala[0m
[0m2021.05.12 19:26:12 WARN  no build target for: /home/blacksoul/Programming/urijudgeonline/scala/beginner/uri1007.scala[0m
[0m2021.05.12 19:26:33 WARN  no build target for: /home/blacksoul/Programming/urijudgeonline/scala/beginner/uri1008.scala[0m
[0m2021.05.12 19:26:34 WARN  no build target for: /home/blacksoul/Programming/urijudgeonline/scala/beginner/uri1008.scala[0m
[0m2021.05.12 19:26:48 WARN  no build target for: /home/blacksoul/Programming/urijudgeonline/scala/beginner/uri1009.scala[0m
[0m2021.05.12 19:26:49 WARN  no build target for: /home/blacksoul/Programming/urijudgeonline/scala/beginner/uri1009.scala[0m
[0m2021.05.12 19:26:57 WARN  no build target for: /home/blacksoul/Programming/urijudgeonline/scala/beginner/uri1009.scala[0m
May 12, 2021 7:26:58 PM org.eclipse.lsp4j.jsonrpc.RemoteEndpoint handleCancellation
WARNING: Unmatched cancel notification for request id 170
May 12, 2021 7:27:02 PM org.eclipse.lsp4j.jsonrpc.RemoteEndpoint handleCancellation
WARNING: Unmatched cancel notification for request id 176
[0m2021.05.12 21:21:07 INFO  shutting down Metals[0m
